Started GET "/" for 127.0.0.1 at 2018-04-26 15:00:05 -0700
Processing by Rails::WelcomeController#index as HTML
  Rendering /home/tk/.rvm/gems/ruby-2.4.1/gems/railties-5.1.4/lib/rails/templates/rails/welcome/index.html.erb
  Rendered /home/tk/.rvm/gems/ruby-2.4.1/gems/railties-5.1.4/lib/rails/templates/rails/welcome/index.html.erb (2.3ms)
Completed 200 OK in 112ms (Views: 4.8ms)


Started GET "/welcome" for 127.0.0.1 at 2018-04-26 15:00:30 -0700
  
ActionController::RoutingError (No route matches [GET] "/welcome"):
  
actionpack (5.1.4) lib/action_dispatch/middleware/debug_exceptions.rb:63:in `call'
web-console (3.5.1) lib/web_console/middleware.rb:135:in `call_app'
web-console (3.5.1) lib/web_console/middleware.rb:28:in `block in call'
web-console (3.5.1) lib/web_console/middleware.rb:18:in `catch'
web-console (3.5.1) lib/web_console/middleware.rb:18:in `call'
actionpack (5.1.4) lib/action_dispatch/middleware/show_exceptions.rb:31:in `call'
railties (5.1.4) lib/rails/rack/logger.rb:36:in `call_app'
railties (5.1.4) lib/rails/rack/logger.rb:24:in `block in call'
activesupport (5.1.4) lib/active_support/tagged_logging.rb:69:in `block in tagged'
activesupport (5.1.4) lib/active_support/tagged_logging.rb:26:in `tagged'
activesupport (5.1.4) lib/active_support/tagged_logging.rb:69:in `tagged'
railties (5.1.4) lib/rails/rack/logger.rb:24:in `call'
sprockets-rails (3.2.1) lib/sprockets/rails/quiet_assets.rb:13:in `call'
actionpack (5.1.4) lib/action_dispatch/middleware/remote_ip.rb:79:in `call'
actionpack (5.1.4) lib/action_dispatch/middleware/request_id.rb:25:in `call'
rack (2.0.3) lib/rack/method_override.rb:22:in `call'
rack (2.0.3) lib/rack/runtime.rb:22:in `call'
activesupport (5.1.4) lib/active_support/cache/strategy/local_cache_middleware.rb:27:in `call'
actionpack (5.1.4) lib/action_dispatch/middleware/executor.rb:12:in `call'
actionpack (5.1.4) lib/action_dispatch/middleware/static.rb:125:in `call'
rack (2.0.3) lib/rack/sendfile.rb:111:in `call'
webpacker (3.0.2) lib/webpacker/dev_server_proxy.rb:17:in `perform_request'
rack-proxy (0.6.2) lib/rack/proxy.rb:57:in `call'
railties (5.1.4) lib/rails/engine.rb:522:in `call'
puma (3.10.0) lib/puma/configuration.rb:225:in `call'
puma (3.10.0) lib/puma/server.rb:605:in `handle_request'
puma (3.10.0) lib/puma/server.rb:437:in `process_client'
puma (3.10.0) lib/puma/server.rb:301:in `block in run'
puma (3.10.0) lib/puma/thread_pool.rb:120:in `block in spawn_thread'
Started GET "/welcome/index" for 127.0.0.1 at 2018-04-26 15:00:37 -0700
Processing by WelcomeController#index as HTML
  Rendering welcome/index.html.erb within layouts/application
[Webpacker] Compiling…
[Webpacker] Compilation failed:

./bin/webpack:26:in `exec': No such file or directory - /home/tk/code/tmp/react-rails-example-app/node_modules/.bin/webpack (Errno::ENOENT)
	from ./bin/webpack:26:in `block in <main>'
	from ./bin/webpack:25:in `chdir'
	from ./bin/webpack:25:in `<main>'

  Rendered welcome/index.html.erb within layouts/application (213.2ms)
Completed 500 Internal Server Error in 217ms


  
ActionView::Template::Error (Webpacker can't find application.js in /home/tk/code/tmp/react-rails-example-app/public/packs/manifest.json. Possible causes:
1. You want to set webpacker.yml value of compile to true for your environment
   unless you are using the `webpack -w` or the webpack-dev-server.
2. Webpack has not yet re-run to reflect updates.
3. You have misconfigured Webpacker's config/webpacker.yml file.
4. Your Webpack configuration is not creating a manifest.
Your manifest contains:
{
}
):
    1: <%= javascript_pack_tag 'application' %>
    2: <%= react_component 'Post', { title: 'A working react component', body: 'Simple but effective' }, prerender: true %>
  
app/views/welcome/index.html.erb:1:in `_app_views_welcome_index_html_erb___3253759651383858857_42486700'
Started GET "/welcome/index" for 127.0.0.1 at 2018-04-26 15:02:40 -0700
Processing by WelcomeController#index as HTML
  Rendering welcome/index.html.erb within layouts/application
[Webpacker] Compiling…
[Webpacker] Compiled all packs in /home/tk/code/tmp/react-rails-example-app/public/packs
  Rendered welcome/index.html.erb within layouts/application (3220.8ms)
Completed 200 OK in 4984ms (Views: 4872.2ms)


Started GET "/welcome/index/comment" for 127.0.0.1 at 2018-04-26 15:05:05 -0700
  
ActionController::RoutingError (No route matches [GET] "/welcome/index/comment"):
  
actionpack (5.1.4) lib/action_dispatch/middleware/debug_exceptions.rb:63:in `call'
web-console (3.5.1) lib/web_console/middleware.rb:135:in `call_app'
web-console (3.5.1) lib/web_console/middleware.rb:28:in `block in call'
web-console (3.5.1) lib/web_console/middleware.rb:18:in `catch'
web-console (3.5.1) lib/web_console/middleware.rb:18:in `call'
actionpack (5.1.4) lib/action_dispatch/middleware/show_exceptions.rb:31:in `call'
railties (5.1.4) lib/rails/rack/logger.rb:36:in `call_app'
railties (5.1.4) lib/rails/rack/logger.rb:24:in `block in call'
activesupport (5.1.4) lib/active_support/tagged_logging.rb:69:in `block in tagged'
activesupport (5.1.4) lib/active_support/tagged_logging.rb:26:in `tagged'
activesupport (5.1.4) lib/active_support/tagged_logging.rb:69:in `tagged'
railties (5.1.4) lib/rails/rack/logger.rb:24:in `call'
sprockets-rails (3.2.1) lib/sprockets/rails/quiet_assets.rb:13:in `call'
actionpack (5.1.4) lib/action_dispatch/middleware/remote_ip.rb:79:in `call'
actionpack (5.1.4) lib/action_dispatch/middleware/request_id.rb:25:in `call'
rack (2.0.3) lib/rack/method_override.rb:22:in `call'
rack (2.0.3) lib/rack/runtime.rb:22:in `call'
activesupport (5.1.4) lib/active_support/cache/strategy/local_cache_middleware.rb:27:in `call'
actionpack (5.1.4) lib/action_dispatch/middleware/executor.rb:12:in `call'
actionpack (5.1.4) lib/action_dispatch/middleware/static.rb:125:in `call'
rack (2.0.3) lib/rack/sendfile.rb:111:in `call'
webpacker (3.0.2) lib/webpacker/dev_server_proxy.rb:17:in `perform_request'
rack-proxy (0.6.2) lib/rack/proxy.rb:57:in `call'
railties (5.1.4) lib/rails/engine.rb:522:in `call'
puma (3.10.0) lib/puma/configuration.rb:225:in `call'
puma (3.10.0) lib/puma/server.rb:605:in `handle_request'
puma (3.10.0) lib/puma/server.rb:437:in `process_client'
puma (3.10.0) lib/puma/server.rb:301:in `block in run'
puma (3.10.0) lib/puma/thread_pool.rb:120:in `block in spawn_thread'
Started GET "/welcome/" for 127.0.0.1 at 2018-04-26 15:05:10 -0700
  
ActionController::RoutingError (No route matches [GET] "/welcome"):
  
actionpack (5.1.4) lib/action_dispatch/middleware/debug_exceptions.rb:63:in `call'
web-console (3.5.1) lib/web_console/middleware.rb:135:in `call_app'
web-console (3.5.1) lib/web_console/middleware.rb:28:in `block in call'
web-console (3.5.1) lib/web_console/middleware.rb:18:in `catch'
web-console (3.5.1) lib/web_console/middleware.rb:18:in `call'
actionpack (5.1.4) lib/action_dispatch/middleware/show_exceptions.rb:31:in `call'
railties (5.1.4) lib/rails/rack/logger.rb:36:in `call_app'
railties (5.1.4) lib/rails/rack/logger.rb:24:in `block in call'
activesupport (5.1.4) lib/active_support/tagged_logging.rb:69:in `block in tagged'
activesupport (5.1.4) lib/active_support/tagged_logging.rb:26:in `tagged'
activesupport (5.1.4) lib/active_support/tagged_logging.rb:69:in `tagged'
railties (5.1.4) lib/rails/rack/logger.rb:24:in `call'
sprockets-rails (3.2.1) lib/sprockets/rails/quiet_assets.rb:13:in `call'
actionpack (5.1.4) lib/action_dispatch/middleware/remote_ip.rb:79:in `call'
actionpack (5.1.4) lib/action_dispatch/middleware/request_id.rb:25:in `call'
rack (2.0.3) lib/rack/method_override.rb:22:in `call'
rack (2.0.3) lib/rack/runtime.rb:22:in `call'
activesupport (5.1.4) lib/active_support/cache/strategy/local_cache_middleware.rb:27:in `call'
actionpack (5.1.4) lib/action_dispatch/middleware/executor.rb:12:in `call'
actionpack (5.1.4) lib/action_dispatch/middleware/static.rb:125:in `call'
rack (2.0.3) lib/rack/sendfile.rb:111:in `call'
webpacker (3.0.2) lib/webpacker/dev_server_proxy.rb:17:in `perform_request'
rack-proxy (0.6.2) lib/rack/proxy.rb:57:in `call'
railties (5.1.4) lib/rails/engine.rb:522:in `call'
puma (3.10.0) lib/puma/configuration.rb:225:in `call'
puma (3.10.0) lib/puma/server.rb:605:in `handle_request'
puma (3.10.0) lib/puma/server.rb:437:in `process_client'
puma (3.10.0) lib/puma/server.rb:301:in `block in run'
puma (3.10.0) lib/puma/thread_pool.rb:120:in `block in spawn_thread'
Started GET "/react-router" for 127.0.0.1 at 2018-04-26 15:05:41 -0700
  
ActionController::RoutingError (No route matches [GET] "/react-router"):
  
actionpack (5.1.4) lib/action_dispatch/middleware/debug_exceptions.rb:63:in `call'
web-console (3.5.1) lib/web_console/middleware.rb:135:in `call_app'
web-console (3.5.1) lib/web_console/middleware.rb:28:in `block in call'
web-console (3.5.1) lib/web_console/middleware.rb:18:in `catch'
web-console (3.5.1) lib/web_console/middleware.rb:18:in `call'
actionpack (5.1.4) lib/action_dispatch/middleware/show_exceptions.rb:31:in `call'
railties (5.1.4) lib/rails/rack/logger.rb:36:in `call_app'
railties (5.1.4) lib/rails/rack/logger.rb:24:in `block in call'
activesupport (5.1.4) lib/active_support/tagged_logging.rb:69:in `block in tagged'
activesupport (5.1.4) lib/active_support/tagged_logging.rb:26:in `tagged'
activesupport (5.1.4) lib/active_support/tagged_logging.rb:69:in `tagged'
railties (5.1.4) lib/rails/rack/logger.rb:24:in `call'
sprockets-rails (3.2.1) lib/sprockets/rails/quiet_assets.rb:13:in `call'
actionpack (5.1.4) lib/action_dispatch/middleware/remote_ip.rb:79:in `call'
actionpack (5.1.4) lib/action_dispatch/middleware/request_id.rb:25:in `call'
rack (2.0.3) lib/rack/method_override.rb:22:in `call'
rack (2.0.3) lib/rack/runtime.rb:22:in `call'
activesupport (5.1.4) lib/active_support/cache/strategy/local_cache_middleware.rb:27:in `call'
actionpack (5.1.4) lib/action_dispatch/middleware/executor.rb:12:in `call'
actionpack (5.1.4) lib/action_dispatch/middleware/static.rb:125:in `call'
rack (2.0.3) lib/rack/sendfile.rb:111:in `call'
webpacker (3.0.2) lib/webpacker/dev_server_proxy.rb:17:in `perform_request'
rack-proxy (0.6.2) lib/rack/proxy.rb:57:in `call'
railties (5.1.4) lib/rails/engine.rb:522:in `call'
puma (3.10.0) lib/puma/configuration.rb:225:in `call'
puma (3.10.0) lib/puma/server.rb:605:in `handle_request'
puma (3.10.0) lib/puma/server.rb:437:in `process_client'
puma (3.10.0) lib/puma/server.rb:301:in `block in run'
puma (3.10.0) lib/puma/thread_pool.rb:120:in `block in spawn_thread'
Started GET "/simple" for 127.0.0.1 at 2018-04-26 15:05:50 -0700
  
ActionController::RoutingError (No route matches [GET] "/simple"):
  
actionpack (5.1.4) lib/action_dispatch/middleware/debug_exceptions.rb:63:in `call'
web-console (3.5.1) lib/web_console/middleware.rb:135:in `call_app'
web-console (3.5.1) lib/web_console/middleware.rb:28:in `block in call'
web-console (3.5.1) lib/web_console/middleware.rb:18:in `catch'
web-console (3.5.1) lib/web_console/middleware.rb:18:in `call'
actionpack (5.1.4) lib/action_dispatch/middleware/show_exceptions.rb:31:in `call'
railties (5.1.4) lib/rails/rack/logger.rb:36:in `call_app'
railties (5.1.4) lib/rails/rack/logger.rb:24:in `block in call'
activesupport (5.1.4) lib/active_support/tagged_logging.rb:69:in `block in tagged'
activesupport (5.1.4) lib/active_support/tagged_logging.rb:26:in `tagged'
activesupport (5.1.4) lib/active_support/tagged_logging.rb:69:in `tagged'
railties (5.1.4) lib/rails/rack/logger.rb:24:in `call'
sprockets-rails (3.2.1) lib/sprockets/rails/quiet_assets.rb:13:in `call'
actionpack (5.1.4) lib/action_dispatch/middleware/remote_ip.rb:79:in `call'
actionpack (5.1.4) lib/action_dispatch/middleware/request_id.rb:25:in `call'
rack (2.0.3) lib/rack/method_override.rb:22:in `call'
rack (2.0.3) lib/rack/runtime.rb:22:in `call'
activesupport (5.1.4) lib/active_support/cache/strategy/local_cache_middleware.rb:27:in `call'
actionpack (5.1.4) lib/action_dispatch/middleware/executor.rb:12:in `call'
actionpack (5.1.4) lib/action_dispatch/middleware/static.rb:125:in `call'
rack (2.0.3) lib/rack/sendfile.rb:111:in `call'
webpacker (3.0.2) lib/webpacker/dev_server_proxy.rb:17:in `perform_request'
rack-proxy (0.6.2) lib/rack/proxy.rb:57:in `call'
railties (5.1.4) lib/rails/engine.rb:522:in `call'
puma (3.10.0) lib/puma/configuration.rb:225:in `call'
puma (3.10.0) lib/puma/server.rb:605:in `handle_request'
puma (3.10.0) lib/puma/server.rb:437:in `process_client'
puma (3.10.0) lib/puma/server.rb:301:in `block in run'
puma (3.10.0) lib/puma/thread_pool.rb:120:in `block in spawn_thread'
Started GET "/pages" for 127.0.0.1 at 2018-04-26 15:05:58 -0700
  
ActionController::RoutingError (No route matches [GET] "/pages"):
  
actionpack (5.1.4) lib/action_dispatch/middleware/debug_exceptions.rb:63:in `call'
web-console (3.5.1) lib/web_console/middleware.rb:135:in `call_app'
web-console (3.5.1) lib/web_console/middleware.rb:28:in `block in call'
web-console (3.5.1) lib/web_console/middleware.rb:18:in `catch'
web-console (3.5.1) lib/web_console/middleware.rb:18:in `call'
actionpack (5.1.4) lib/action_dispatch/middleware/show_exceptions.rb:31:in `call'
railties (5.1.4) lib/rails/rack/logger.rb:36:in `call_app'
railties (5.1.4) lib/rails/rack/logger.rb:24:in `block in call'
activesupport (5.1.4) lib/active_support/tagged_logging.rb:69:in `block in tagged'
activesupport (5.1.4) lib/active_support/tagged_logging.rb:26:in `tagged'
activesupport (5.1.4) lib/active_support/tagged_logging.rb:69:in `tagged'
railties (5.1.4) lib/rails/rack/logger.rb:24:in `call'
sprockets-rails (3.2.1) lib/sprockets/rails/quiet_assets.rb:13:in `call'
actionpack (5.1.4) lib/action_dispatch/middleware/remote_ip.rb:79:in `call'
actionpack (5.1.4) lib/action_dispatch/middleware/request_id.rb:25:in `call'
rack (2.0.3) lib/rack/method_override.rb:22:in `call'
rack (2.0.3) lib/rack/runtime.rb:22:in `call'
activesupport (5.1.4) lib/active_support/cache/strategy/local_cache_middleware.rb:27:in `call'
actionpack (5.1.4) lib/action_dispatch/middleware/executor.rb:12:in `call'
actionpack (5.1.4) lib/action_dispatch/middleware/static.rb:125:in `call'
rack (2.0.3) lib/rack/sendfile.rb:111:in `call'
webpacker (3.0.2) lib/webpacker/dev_server_proxy.rb:17:in `perform_request'
rack-proxy (0.6.2) lib/rack/proxy.rb:57:in `call'
railties (5.1.4) lib/rails/engine.rb:522:in `call'
puma (3.10.0) lib/puma/configuration.rb:225:in `call'
puma (3.10.0) lib/puma/server.rb:605:in `handle_request'
puma (3.10.0) lib/puma/server.rb:437:in `process_client'
puma (3.10.0) lib/puma/server.rb:301:in `block in run'
puma (3.10.0) lib/puma/thread_pool.rb:120:in `block in spawn_thread'
Started GET "/pages" for 127.0.0.1 at 2018-04-26 15:06:02 -0700
  
ActionController::RoutingError (No route matches [GET] "/pages"):
  
actionpack (5.1.4) lib/action_dispatch/middleware/debug_exceptions.rb:63:in `call'
web-console (3.5.1) lib/web_console/middleware.rb:135:in `call_app'
web-console (3.5.1) lib/web_console/middleware.rb:28:in `block in call'
web-console (3.5.1) lib/web_console/middleware.rb:18:in `catch'
web-console (3.5.1) lib/web_console/middleware.rb:18:in `call'
actionpack (5.1.4) lib/action_dispatch/middleware/show_exceptions.rb:31:in `call'
railties (5.1.4) lib/rails/rack/logger.rb:36:in `call_app'
railties (5.1.4) lib/rails/rack/logger.rb:24:in `block in call'
activesupport (5.1.4) lib/active_support/tagged_logging.rb:69:in `block in tagged'
activesupport (5.1.4) lib/active_support/tagged_logging.rb:26:in `tagged'
activesupport (5.1.4) lib/active_support/tagged_logging.rb:69:in `tagged'
railties (5.1.4) lib/rails/rack/logger.rb:24:in `call'
sprockets-rails (3.2.1) lib/sprockets/rails/quiet_assets.rb:13:in `call'
actionpack (5.1.4) lib/action_dispatch/middleware/remote_ip.rb:79:in `call'
actionpack (5.1.4) lib/action_dispatch/middleware/request_id.rb:25:in `call'
rack (2.0.3) lib/rack/method_override.rb:22:in `call'
rack (2.0.3) lib/rack/runtime.rb:22:in `call'
activesupport (5.1.4) lib/active_support/cache/strategy/local_cache_middleware.rb:27:in `call'
actionpack (5.1.4) lib/action_dispatch/middleware/executor.rb:12:in `call'
actionpack (5.1.4) lib/action_dispatch/middleware/static.rb:125:in `call'
rack (2.0.3) lib/rack/sendfile.rb:111:in `call'
webpacker (3.0.2) lib/webpacker/dev_server_proxy.rb:17:in `perform_request'
rack-proxy (0.6.2) lib/rack/proxy.rb:57:in `call'
railties (5.1.4) lib/rails/engine.rb:522:in `call'
puma (3.10.0) lib/puma/configuration.rb:225:in `call'
puma (3.10.0) lib/puma/server.rb:605:in `handle_request'
puma (3.10.0) lib/puma/server.rb:437:in `process_client'
puma (3.10.0) lib/puma/server.rb:301:in `block in run'
puma (3.10.0) lib/puma/thread_pool.rb:120:in `block in spawn_thread'
Started GET "/hello_world" for 127.0.0.1 at 2018-04-26 15:15:26 -0700
  
ActionController::RoutingError (No route matches [GET] "/hello_world"):
  
actionpack (5.1.4) lib/action_dispatch/middleware/debug_exceptions.rb:63:in `call'
web-console (3.5.1) lib/web_console/middleware.rb:135:in `call_app'
web-console (3.5.1) lib/web_console/middleware.rb:28:in `block in call'
web-console (3.5.1) lib/web_console/middleware.rb:18:in `catch'
web-console (3.5.1) lib/web_console/middleware.rb:18:in `call'
actionpack (5.1.4) lib/action_dispatch/middleware/show_exceptions.rb:31:in `call'
railties (5.1.4) lib/rails/rack/logger.rb:36:in `call_app'
railties (5.1.4) lib/rails/rack/logger.rb:24:in `block in call'
activesupport (5.1.4) lib/active_support/tagged_logging.rb:69:in `block in tagged'
activesupport (5.1.4) lib/active_support/tagged_logging.rb:26:in `tagged'
activesupport (5.1.4) lib/active_support/tagged_logging.rb:69:in `tagged'
railties (5.1.4) lib/rails/rack/logger.rb:24:in `call'
sprockets-rails (3.2.1) lib/sprockets/rails/quiet_assets.rb:13:in `call'
actionpack (5.1.4) lib/action_dispatch/middleware/remote_ip.rb:79:in `call'
actionpack (5.1.4) lib/action_dispatch/middleware/request_id.rb:25:in `call'
rack (2.0.3) lib/rack/method_override.rb:22:in `call'
rack (2.0.3) lib/rack/runtime.rb:22:in `call'
activesupport (5.1.4) lib/active_support/cache/strategy/local_cache_middleware.rb:27:in `call'
actionpack (5.1.4) lib/action_dispatch/middleware/executor.rb:12:in `call'
actionpack (5.1.4) lib/action_dispatch/middleware/static.rb:125:in `call'
rack (2.0.3) lib/rack/sendfile.rb:111:in `call'
webpacker (3.0.2) lib/webpacker/dev_server_proxy.rb:17:in `perform_request'
rack-proxy (0.6.2) lib/rack/proxy.rb:57:in `call'
railties (5.1.4) lib/rails/engine.rb:522:in `call'
puma (3.10.0) lib/puma/configuration.rb:225:in `call'
puma (3.10.0) lib/puma/server.rb:605:in `handle_request'
puma (3.10.0) lib/puma/server.rb:437:in `process_client'
puma (3.10.0) lib/puma/server.rb:301:in `block in run'
puma (3.10.0) lib/puma/thread_pool.rb:120:in `block in spawn_thread'
Started GET "/welcome" for 127.0.0.1 at 2018-04-26 15:15:31 -0700
  
ActionController::RoutingError (No route matches [GET] "/welcome"):
  
actionpack (5.1.4) lib/action_dispatch/middleware/debug_exceptions.rb:63:in `call'
web-console (3.5.1) lib/web_console/middleware.rb:135:in `call_app'
web-console (3.5.1) lib/web_console/middleware.rb:28:in `block in call'
web-console (3.5.1) lib/web_console/middleware.rb:18:in `catch'
web-console (3.5.1) lib/web_console/middleware.rb:18:in `call'
actionpack (5.1.4) lib/action_dispatch/middleware/show_exceptions.rb:31:in `call'
railties (5.1.4) lib/rails/rack/logger.rb:36:in `call_app'
railties (5.1.4) lib/rails/rack/logger.rb:24:in `block in call'
activesupport (5.1.4) lib/active_support/tagged_logging.rb:69:in `block in tagged'
activesupport (5.1.4) lib/active_support/tagged_logging.rb:26:in `tagged'
activesupport (5.1.4) lib/active_support/tagged_logging.rb:69:in `tagged'
railties (5.1.4) lib/rails/rack/logger.rb:24:in `call'
sprockets-rails (3.2.1) lib/sprockets/rails/quiet_assets.rb:13:in `call'
actionpack (5.1.4) lib/action_dispatch/middleware/remote_ip.rb:79:in `call'
actionpack (5.1.4) lib/action_dispatch/middleware/request_id.rb:25:in `call'
rack (2.0.3) lib/rack/method_override.rb:22:in `call'
rack (2.0.3) lib/rack/runtime.rb:22:in `call'
activesupport (5.1.4) lib/active_support/cache/strategy/local_cache_middleware.rb:27:in `call'
actionpack (5.1.4) lib/action_dispatch/middleware/executor.rb:12:in `call'
actionpack (5.1.4) lib/action_dispatch/middleware/static.rb:125:in `call'
rack (2.0.3) lib/rack/sendfile.rb:111:in `call'
webpacker (3.0.2) lib/webpacker/dev_server_proxy.rb:17:in `perform_request'
rack-proxy (0.6.2) lib/rack/proxy.rb:57:in `call'
railties (5.1.4) lib/rails/engine.rb:522:in `call'
puma (3.10.0) lib/puma/configuration.rb:225:in `call'
puma (3.10.0) lib/puma/server.rb:605:in `handle_request'
puma (3.10.0) lib/puma/server.rb:437:in `process_client'
puma (3.10.0) lib/puma/server.rb:301:in `block in run'
puma (3.10.0) lib/puma/thread_pool.rb:120:in `block in spawn_thread'
Started GET "/welcome/index" for 127.0.0.1 at 2018-04-26 15:15:36 -0700
Processing by WelcomeController#index as HTML
  Rendering welcome/index.html.erb within layouts/application
  Rendered welcome/index.html.erb within layouts/application (367.5ms)
Completed 200 OK in 1885ms (Views: 1766.9ms)


Started GET "/welcome/index" for 127.0.0.1 at 2018-04-26 15:17:37 -0700
Processing by WelcomeController#index as HTML
  Rendering welcome/index.html.erb within layouts/application
[Webpacker] Compiling…
[Webpacker] Compiled all packs in /home/tk/code/tmp/react-rails-example-app/public/packs
  Rendered welcome/index.html.erb within layouts/application (3110.9ms)
Completed 500 Internal Server Error in 3115ms


  
ActionView::Template::Error (Encountered error "#<ExecJS::ProgramError: Invariant Violation: Objects are not valid as a React child (found: object with keys {name}). If you meant to render a collection of children, use an array instead.
    in div
    in div
    in Post>" when prerendering Post with {"title":"A working react component","body":"Simple but effective","props":{"name":"Stranger"}}
in div
in div
in Post
invariant (webpack-internal:///1:42:15)
traverseAllChildrenImpl (webpack-internal:///13:786:7)
traverseAllChildrenImpl (webpack-internal:///13:759:23)
traverseAllChildren (webpack-internal:///13:814:10)
mapIntoWithKeyPrefixInternal (webpack-internal:///13:890:3)
toArray (webpack-internal:///13:937:3)
ReactDOMServerRenderer.renderDOM (webpack-internal:///30:2455:18)
ReactDOMServerRenderer.render (webpack-internal:///30:2280:21)
ReactDOMServerRenderer.read (webpack-internal:///30:2216:19)
Object.renderToString (webpack-internal:///30:2483:25)
/home/tk/.rvm/gems/ruby-2.4.1/gems/execjs-2.7.0/lib/execjs/external_runtime.rb:39:in `exec'
/home/tk/.rvm/gems/ruby-2.4.1/gems/execjs-2.7.0/lib/execjs/external_runtime.rb:21:in `eval'
/home/tk/.rvm/gems/ruby-2.4.1/gems/react-rails-2.4.2/lib/react/server_rendering/exec_js_renderer.rb:39:in `render_from_parts'
/home/tk/.rvm/gems/ruby-2.4.1/gems/react-rails-2.4.2/lib/react/server_rendering/exec_js_renderer.rb:20:in `render'
/home/tk/.rvm/gems/ruby-2.4.1/gems/react-rails-2.4.2/lib/react/server_rendering/bundle_renderer.rb:40:in `render'
/home/tk/.rvm/gems/ruby-2.4.1/gems/react-rails-2.4.2/lib/react/server_rendering.rb:27:in `block in render'
/home/tk/.rvm/gems/ruby-2.4.1/gems/connection_pool-2.2.1/lib/connection_pool.rb:64:in `block (2 levels) in with'
/home/tk/.rvm/gems/ruby-2.4.1/gems/connection_pool-2.2.1/lib/connection_pool.rb:63:in `handle_interrupt'
/home/tk/.rvm/gems/ruby-2.4.1/gems/connection_pool-2.2.1/lib/connection_pool.rb:63:in `block in with'
/home/tk/.rvm/gems/ruby-2.4.1/gems/connection_pool-2.2.1/lib/connection_pool.rb:60:in `handle_interrupt'
/home/tk/.rvm/gems/ruby-2.4.1/gems/connection_pool-2.2.1/lib/connection_pool.rb:60:in `with'
/home/tk/.rvm/gems/ruby-2.4.1/gems/react-rails-2.4.2/lib/react/server_rendering.rb:26:in `render'
/home/tk/.rvm/gems/ruby-2.4.1/gems/react-rails-2.4.2/lib/react/rails/component_mount.rb:66:in `prerender_component'
/home/tk/.rvm/gems/ruby-2.4.1/gems/react-rails-2.4.2/lib/react/rails/component_mount.rb:34:in `block in react_component'
/home/tk/.rvm/gems/ruby-2.4.1/gems/actionview-5.1.4/lib/action_view/helpers/capture_helper.rb:39:in `block in capture'
/home/tk/.rvm/gems/ruby-2.4.1/gems/actionview-5.1.4/lib/action_view/helpers/capture_helper.rb:203:in `with_output_buffer'
/home/tk/.rvm/gems/ruby-2.4.1/gems/actionview-5.1.4/lib/action_view/helpers/capture_helper.rb:39:in `capture'
/home/tk/.rvm/gems/ruby-2.4.1/gems/actionview-5.1.4/lib/action_view/helpers/tag_helper.rb:272:in `content_tag'
/home/tk/.rvm/gems/ruby-2.4.1/gems/react-rails-2.4.2/lib/react/rails/component_mount.rb:49:in `react_component'
/home/tk/.rvm/gems/ruby-2.4.1/gems/react-rails-2.4.2/lib/react/rails/view_helper.rb:21:in `react_component'
/home/tk/code/tmp/react-rails-example-app/app/views/welcome/index.html.erb:2:in `_app_views_welcome_index_html_erb___3286990305972578894_69987992555000'
/home/tk/.rvm/gems/ruby-2.4.1/gems/actionview-5.1.4/lib/action_view/template.rb:157:in `block in render'
/home/tk/.rvm/gems/ruby-2.4.1/gems/activesupport-5.1.4/lib/active_support/notifications.rb:168:in `instrument'
/home/tk/.rvm/gems/ruby-2.4.1/gems/actionview-5.1.4/lib/action_view/template.rb:352:in `instrument_render_template'
/home/tk/.rvm/gems/ruby-2.4.1/gems/actionview-5.1.4/lib/action_view/template.rb:155:in `render'
/home/tk/.rvm/gems/ruby-2.4.1/gems/actionview-5.1.4/lib/action_view/renderer/template_renderer.rb:52:in `block (2 levels) in render_template'
/home/tk/.rvm/gems/ruby-2.4.1/gems/actionview-5.1.4/lib/action_view/renderer/abstract_renderer.rb:42:in `block in instrument'
/home/tk/.rvm/gems/ruby-2.4.1/gems/activesupport-5.1.4/lib/active_support/notifications.rb:166:in `block in instrument'
/home/tk/.rvm/gems/ruby-2.4.1/gems/activesupport-5.1.4/lib/active_support/notifications/instrumenter.rb:21:in `instrument'
/home/tk/.rvm/gems/ruby-2.4.1/gems/activesupport-5.1.4/lib/active_support/notifications.rb:166:in `instrument'
/home/tk/.rvm/gems/ruby-2.4.1/gems/actionview-5.1.4/lib/action_view/renderer/abstract_renderer.rb:41:in `instrument'
/home/tk/.rvm/gems/ruby-2.4.1/gems/actionview-5.1.4/lib/action_view/renderer/template_renderer.rb:51:in `block in render_template'
/home/tk/.rvm/gems/ruby-2.4.1/gems/actionview-5.1.4/lib/action_view/renderer/template_renderer.rb:59:in `render_with_layout'
/home/tk/.rvm/gems/ruby-2.4.1/gems/actionview-5.1.4/lib/action_view/renderer/template_renderer.rb:50:in `render_template'
/home/tk/.rvm/gems/ruby-2.4.1/gems/actionview-5.1.4/lib/action_view/renderer/template_renderer.rb:14:in `render'
/home/tk/.rvm/gems/ruby-2.4.1/gems/actionview-5.1.4/lib/action_view/renderer/renderer.rb:42:in `render_template'
/home/tk/.rvm/gems/ruby-2.4.1/gems/actionview-5.1.4/lib/action_view/renderer/renderer.rb:23:in `render'
/home/tk/.rvm/gems/ruby-2.4.1/gems/actionview-5.1.4/lib/action_view/rendering.rb:103:in `_render_template'
/home/tk/.rvm/gems/ruby-2.4.1/gems/actionpack-5.1.4/lib/action_controller/metal/streaming.rb:217:in `_render_template'
/home/tk/.rvm/gems/ruby-2.4.1/gems/actionview-5.1.4/lib/action_view/rendering.rb:83:in `render_to_body'
/home/tk/.rvm/gems/ruby-2.4.1/gems/actionpack-5.1.4/lib/action_controller/metal/rendering.rb:52:in `render_to_body'
/home/tk/.rvm/gems/ruby-2.4.1/gems/actionpack-5.1.4/lib/action_controller/metal/renderers.rb:141:in `render_to_body'
/home/tk/.rvm/gems/ruby-2.4.1/gems/actionpack-5.1.4/lib/abstract_controller/rendering.rb:24:in `render'
/home/tk/.rvm/gems/ruby-2.4.1/gems/actionpack-5.1.4/lib/action_controller/metal/rendering.rb:36:in `render'
/home/tk/.rvm/gems/ruby-2.4.1/gems/actionpack-5.1.4/lib/action_controller/metal/instrumentation.rb:44:in `block (2 levels) in render'
/home/tk/.rvm/gems/ruby-2.4.1/gems/activesupport-5.1.4/lib/active_support/core_ext/benchmark.rb:12:in `block in ms'
/usr/share/rvm/rubies/ruby-2.4.1/lib/ruby/2.4.0/benchmark.rb:308:in `realtime'
/home/tk/.rvm/gems/ruby-2.4.1/gems/activesupport-5.1.4/lib/active_support/core_ext/benchmark.rb:12:in `ms'
/home/tk/.rvm/gems/ruby-2.4.1/gems/actionpack-5.1.4/lib/action_controller/metal/instrumentation.rb:44:in `block in render'
/home/tk/.rvm/gems/ruby-2.4.1/gems/actionpack-5.1.4/lib/action_controller/metal/instrumentation.rb:87:in `cleanup_view_runtime'
/home/tk/.rvm/gems/ruby-2.4.1/gems/activerecord-5.1.4/lib/active_record/railties/controller_runtime.rb:34:in `cleanup_view_runtime'
/home/tk/.rvm/gems/ruby-2.4.1/gems/actionpack-5.1.4/lib/action_controller/metal/instrumentation.rb:43:in `render'
/home/tk/.rvm/gems/ruby-2.4.1/gems/actionpack-5.1.4/lib/action_controller/metal/implicit_render.rb:33:in `default_render'
/home/tk/.rvm/gems/ruby-2.4.1/gems/actionpack-5.1.4/lib/action_controller/metal/basic_implicit_render.rb:4:in `block in send_action'
/home/tk/.rvm/gems/ruby-2.4.1/gems/actionpack-5.1.4/lib/action_controller/metal/basic_implicit_render.rb:4:in `tap'
/home/tk/.rvm/gems/ruby-2.4.1/gems/actionpack-5.1.4/lib/action_controller/metal/basic_implicit_render.rb:4:in `send_action'
/home/tk/.rvm/gems/ruby-2.4.1/gems/actionpack-5.1.4/lib/abstract_controller/base.rb:186:in `process_action'
/home/tk/.rvm/gems/ruby-2.4.1/gems/actionpack-5.1.4/lib/action_controller/metal/rendering.rb:30:in `process_action'
/home/tk/.rvm/gems/ruby-2.4.1/gems/actionpack-5.1.4/lib/abstract_controller/callbacks.rb:20:in `block in process_action'
/home/tk/.rvm/gems/ruby-2.4.1/gems/activesupport-5.1.4/lib/active_support/callbacks.rb:108:in `block in run_callbacks'
/home/tk/.rvm/gems/ruby-2.4.1/gems/react-rails-2.4.2/lib/react/rails/controller_lifecycle.rb:31:in `use_react_component_helper'
/home/tk/.rvm/gems/ruby-2.4.1/gems/activesupport-5.1.4/lib/active_support/callbacks.rb:117:in `block in run_callbacks'
/home/tk/.rvm/gems/ruby-2.4.1/gems/activesupport-5.1.4/lib/active_support/callbacks.rb:135:in `run_callbacks'
/home/tk/.rvm/gems/ruby-2.4.1/gems/actionpack-5.1.4/lib/abstract_controller/callbacks.rb:19:in `process_action'
/home/tk/.rvm/gems/ruby-2.4.1/gems/actionpack-5.1.4/lib/action_controller/metal/rescue.rb:20:in `process_action'
/home/tk/.rvm/gems/ruby-2.4.1/gems/actionpack-5.1.4/lib/action_controller/metal/instrumentation.rb:32:in `block in process_action'
/home/tk/.rvm/gems/ruby-2.4.1/gems/activesupport-5.1.4/lib/active_support/notifications.rb:166:in `block in instrument'
/home/tk/.rvm/gems/ruby-2.4.1/gems/activesupport-5.1.4/lib/active_support/notifications/instrumenter.rb:21:in `instrument'
/home/tk/.rvm/gems/ruby-2.4.1/gems/activesupport-5.1.4/lib/active_support/notifications.rb:166:in `instrument'
/home/tk/.rvm/gems/ruby-2.4.1/gems/actionpack-5.1.4/lib/action_controller/metal/instrumentation.rb:30:in `process_action'
/home/tk/.rvm/gems/ruby-2.4.1/gems/actionpack-5.1.4/lib/action_controller/metal/params_wrapper.rb:252:in `process_action'
/home/tk/.rvm/gems/ruby-2.4.1/gems/activerecord-5.1.4/lib/active_record/railties/controller_runtime.rb:22:in `process_action'
/home/tk/.rvm/gems/ruby-2.4.1/gems/actionpack-5.1.4/lib/abstract_controller/base.rb:124:in `process'
/home/tk/.rvm/gems/ruby-2.4.1/gems/actionview-5.1.4/lib/action_view/rendering.rb:30:in `process'
/home/tk/.rvm/gems/ruby-2.4.1/gems/actionpack-5.1.4/lib/action_controller/metal.rb:189:in `dispatch'
/home/tk/.rvm/gems/ruby-2.4.1/gems/actionpack-5.1.4/lib/action_controller/metal.rb:253:in `dispatch'
/home/tk/.rvm/gems/ruby-2.4.1/gems/actionpack-5.1.4/lib/action_dispatch/routing/route_set.rb:49:in `dispatch'
/home/tk/.rvm/gems/ruby-2.4.1/gems/actionpack-5.1.4/lib/action_dispatch/routing/route_set.rb:31:in `serve'
/home/tk/.rvm/gems/ruby-2.4.1/gems/actionpack-5.1.4/lib/action_dispatch/journey/router.rb:50:in `block in serve'
/home/tk/.rvm/gems/ruby-2.4.1/gems/actionpack-5.1.4/lib/action_dispatch/journey/router.rb:33:in `each'
/home/tk/.rvm/gems/ruby-2.4.1/gems/actionpack-5.1.4/lib/action_dispatch/journey/router.rb:33:in `serve'
/home/tk/.rvm/gems/ruby-2.4.1/gems/actionpack-5.1.4/lib/action_dispatch/routing/route_set.rb:834:in `call'
/home/tk/.rvm/gems/ruby-2.4.1/gems/rack-2.0.3/lib/rack/etag.rb:25:in `call'
/home/tk/.rvm/gems/ruby-2.4.1/gems/rack-2.0.3/lib/rack/conditional_get.rb:25:in `call'
/home/tk/.rvm/gems/ruby-2.4.1/gems/rack-2.0.3/lib/rack/head.rb:12:in `call'
/home/tk/.rvm/gems/ruby-2.4.1/gems/rack-2.0.3/lib/rack/session/abstract/id.rb:232:in `context'
/home/tk/.rvm/gems/ruby-2.4.1/gems/rack-2.0.3/lib/rack/session/abstract/id.rb:226:in `call'
/home/tk/.rvm/gems/ruby-2.4.1/gems/actionpack-5.1.4/lib/action_dispatch/middleware/cookies.rb:613:in `call'
/home/tk/.rvm/gems/ruby-2.4.1/gems/activerecord-5.1.4/lib/active_record/migration.rb:556:in `call'
/home/tk/.rvm/gems/ruby-2.4.1/gems/actionpack-5.1.4/lib/action_dispatch/middleware/callbacks.rb:26:in `block in call'
/home/tk/.rvm/gems/ruby-2.4.1/gems/activesupport-5.1.4/lib/active_support/callbacks.rb:97:in `run_callbacks'
/home/tk/.rvm/gems/ruby-2.4.1/gems/actionpack-5.1.4/lib/action_dispatch/middleware/callbacks.rb:24:in `call'
/home/tk/.rvm/gems/ruby-2.4.1/gems/actionpack-5.1.4/lib/action_dispatch/middleware/executor.rb:12:in `call'
/home/tk/.rvm/gems/ruby-2.4.1/gems/actionpack-5.1.4/lib/action_dispatch/middleware/debug_exceptions.rb:59:in `call'
/home/tk/.rvm/gems/ruby-2.4.1/gems/web-console-3.5.1/lib/web_console/middleware.rb:135:in `call_app'
/home/tk/.rvm/gems/ruby-2.4.1/gems/web-console-3.5.1/lib/web_console/middleware.rb:28:in `block in call'
/home/tk/.rvm/gems/ruby-2.4.1/gems/web-console-3.5.1/lib/web_console/middleware.rb:18:in `catch'
/home/tk/.rvm/gems/ruby-2.4.1/gems/web-console-3.5.1/lib/web_console/middleware.rb:18:in `call'
/home/tk/.rvm/gems/ruby-2.4.1/gems/actionpack-5.1.4/lib/action_dispatch/middleware/show_exceptions.rb:31:in `call'
/home/tk/.rvm/gems/ruby-2.4.1/gems/railties-5.1.4/lib/rails/rack/logger.rb:36:in `call_app'
/home/tk/.rvm/gems/ruby-2.4.1/gems/railties-5.1.4/lib/rails/rack/logger.rb:24:in `block in call'
/home/tk/.rvm/gems/ruby-2.4.1/gems/activesupport-5.1.4/lib/active_support/tagged_logging.rb:69:in `block in tagged'
/home/tk/.rvm/gems/ruby-2.4.1/gems/activesupport-5.1.4/lib/active_support/tagged_logging.rb:26:in `tagged'
/home/tk/.rvm/gems/ruby-2.4.1/gems/activesupport-5.1.4/lib/active_support/tagged_logging.rb:69:in `tagged'
/home/tk/.rvm/gems/ruby-2.4.1/gems/railties-5.1.4/lib/rails/rack/logger.rb:24:in `call'
/home/tk/.rvm/gems/ruby-2.4.1/gems/sprockets-rails-3.2.1/lib/sprockets/rails/quiet_assets.rb:13:in `call'
/home/tk/.rvm/gems/ruby-2.4.1/gems/actionpack-5.1.4/lib/action_dispatch/middleware/remote_ip.rb:79:in `call'
/home/tk/.rvm/gems/ruby-2.4.1/gems/actionpack-5.1.4/lib/action_dispatch/middleware/request_id.rb:25:in `call'
/home/tk/.rvm/gems/ruby-2.4.1/gems/rack-2.0.3/lib/rack/method_override.rb:22:in `call'
/home/tk/.rvm/gems/ruby-2.4.1/gems/rack-2.0.3/lib/rack/runtime.rb:22:in `call'
/home/tk/.rvm/gems/ruby-2.4.1/gems/activesupport-5.1.4/lib/active_support/cache/strategy/local_cache_middleware.rb:27:in `call'
/home/tk/.rvm/gems/ruby-2.4.1/gems/actionpack-5.1.4/lib/action_dispatch/middleware/executor.rb:12:in `call'
/home/tk/.rvm/gems/ruby-2.4.1/gems/actionpack-5.1.4/lib/action_dispatch/middleware/static.rb:125:in `call'
/home/tk/.rvm/gems/ruby-2.4.1/gems/rack-2.0.3/lib/rack/sendfile.rb:111:in `call'
/home/tk/.rvm/gems/ruby-2.4.1/gems/webpacker-3.0.2/lib/webpacker/dev_server_proxy.rb:17:in `perform_request'
/home/tk/.rvm/gems/ruby-2.4.1/gems/rack-proxy-0.6.2/lib/rack/proxy.rb:57:in `call'
/home/tk/.rvm/gems/ruby-2.4.1/gems/railties-5.1.4/lib/rails/engine.rb:522:in `call'
/home/tk/.rvm/gems/ruby-2.4.1/gems/puma-3.10.0/lib/puma/configuration.rb:225:in `call'
/home/tk/.rvm/gems/ruby-2.4.1/gems/puma-3.10.0/lib/puma/server.rb:605:in `handle_request'
/home/tk/.rvm/gems/ruby-2.4.1/gems/puma-3.10.0/lib/puma/server.rb:437:in `process_client'
/home/tk/.rvm/gems/ruby-2.4.1/gems/puma-3.10.0/lib/puma/server.rb:301:in `block in run'
/home/tk/.rvm/gems/ruby-2.4.1/gems/puma-3.10.0/lib/puma/thread_pool.rb:120:in `block in spawn_thread'):
    1: <%= javascript_pack_tag 'application' %>
    2: <%= react_component 'Post', { title: 'A working react component', body: 'Simple but effective', props: @props }, prerender: true %>
  
app/views/welcome/index.html.erb:2:in `_app_views_welcome_index_html_erb___3286990305972578894_69987992555000'
Started GET "/welcome/index" for 127.0.0.1 at 2018-04-26 15:17:41 -0700
Processing by WelcomeController#index as HTML
  Rendering welcome/index.html.erb within layouts/application
  Rendered welcome/index.html.erb within layouts/application (245.3ms)
Completed 500 Internal Server Error in 249ms


  
ActionView::Template::Error (Encountered error "#<ExecJS::ProgramError: Invariant Violation: Objects are not valid as a React child (found: object with keys {name}). If you meant to render a collection of children, use an array instead.
    in div
    in div
    in Post>" when prerendering Post with {"title":"A working react component","body":"Simple but effective","props":{"name":"Stranger"}}
in div
in div
in Post
invariant (webpack-internal:///1:42:15)
traverseAllChildrenImpl (webpack-internal:///13:786:7)
traverseAllChildrenImpl (webpack-internal:///13:759:23)
traverseAllChildren (webpack-internal:///13:814:10)
mapIntoWithKeyPrefixInternal (webpack-internal:///13:890:3)
toArray (webpack-internal:///13:937:3)
ReactDOMServerRenderer.renderDOM (webpack-internal:///30:2455:18)
ReactDOMServerRenderer.render (webpack-internal:///30:2280:21)
ReactDOMServerRenderer.read (webpack-internal:///30:2216:19)
Object.renderToString (webpack-internal:///30:2483:25)
/home/tk/.rvm/gems/ruby-2.4.1/gems/execjs-2.7.0/lib/execjs/external_runtime.rb:39:in `exec'
/home/tk/.rvm/gems/ruby-2.4.1/gems/execjs-2.7.0/lib/execjs/external_runtime.rb:21:in `eval'
/home/tk/.rvm/gems/ruby-2.4.1/gems/react-rails-2.4.2/lib/react/server_rendering/exec_js_renderer.rb:39:in `render_from_parts'
/home/tk/.rvm/gems/ruby-2.4.1/gems/react-rails-2.4.2/lib/react/server_rendering/exec_js_renderer.rb:20:in `render'
/home/tk/.rvm/gems/ruby-2.4.1/gems/react-rails-2.4.2/lib/react/server_rendering/bundle_renderer.rb:40:in `render'
/home/tk/.rvm/gems/ruby-2.4.1/gems/react-rails-2.4.2/lib/react/server_rendering.rb:27:in `block in render'
/home/tk/.rvm/gems/ruby-2.4.1/gems/connection_pool-2.2.1/lib/connection_pool.rb:64:in `block (2 levels) in with'
/home/tk/.rvm/gems/ruby-2.4.1/gems/connection_pool-2.2.1/lib/connection_pool.rb:63:in `handle_interrupt'
/home/tk/.rvm/gems/ruby-2.4.1/gems/connection_pool-2.2.1/lib/connection_pool.rb:63:in `block in with'
/home/tk/.rvm/gems/ruby-2.4.1/gems/connection_pool-2.2.1/lib/connection_pool.rb:60:in `handle_interrupt'
/home/tk/.rvm/gems/ruby-2.4.1/gems/connection_pool-2.2.1/lib/connection_pool.rb:60:in `with'
/home/tk/.rvm/gems/ruby-2.4.1/gems/react-rails-2.4.2/lib/react/server_rendering.rb:26:in `render'
/home/tk/.rvm/gems/ruby-2.4.1/gems/react-rails-2.4.2/lib/react/rails/component_mount.rb:66:in `prerender_component'
/home/tk/.rvm/gems/ruby-2.4.1/gems/react-rails-2.4.2/lib/react/rails/component_mount.rb:34:in `block in react_component'
/home/tk/.rvm/gems/ruby-2.4.1/gems/actionview-5.1.4/lib/action_view/helpers/capture_helper.rb:39:in `block in capture'
/home/tk/.rvm/gems/ruby-2.4.1/gems/actionview-5.1.4/lib/action_view/helpers/capture_helper.rb:203:in `with_output_buffer'
/home/tk/.rvm/gems/ruby-2.4.1/gems/actionview-5.1.4/lib/action_view/helpers/capture_helper.rb:39:in `capture'
/home/tk/.rvm/gems/ruby-2.4.1/gems/actionview-5.1.4/lib/action_view/helpers/tag_helper.rb:272:in `content_tag'
/home/tk/.rvm/gems/ruby-2.4.1/gems/react-rails-2.4.2/lib/react/rails/component_mount.rb:49:in `react_component'
/home/tk/.rvm/gems/ruby-2.4.1/gems/react-rails-2.4.2/lib/react/rails/view_helper.rb:21:in `react_component'
/home/tk/code/tmp/react-rails-example-app/app/views/welcome/index.html.erb:2:in `_app_views_welcome_index_html_erb___3286990305972578894_69987987278860'
/home/tk/.rvm/gems/ruby-2.4.1/gems/actionview-5.1.4/lib/action_view/template.rb:157:in `block in render'
/home/tk/.rvm/gems/ruby-2.4.1/gems/activesupport-5.1.4/lib/active_support/notifications.rb:168:in `instrument'
/home/tk/.rvm/gems/ruby-2.4.1/gems/actionview-5.1.4/lib/action_view/template.rb:352:in `instrument_render_template'
/home/tk/.rvm/gems/ruby-2.4.1/gems/actionview-5.1.4/lib/action_view/template.rb:155:in `render'
/home/tk/.rvm/gems/ruby-2.4.1/gems/actionview-5.1.4/lib/action_view/renderer/template_renderer.rb:52:in `block (2 levels) in render_template'
/home/tk/.rvm/gems/ruby-2.4.1/gems/actionview-5.1.4/lib/action_view/renderer/abstract_renderer.rb:42:in `block in instrument'
/home/tk/.rvm/gems/ruby-2.4.1/gems/activesupport-5.1.4/lib/active_support/notifications.rb:166:in `block in instrument'
/home/tk/.rvm/gems/ruby-2.4.1/gems/activesupport-5.1.4/lib/active_support/notifications/instrumenter.rb:21:in `instrument'
/home/tk/.rvm/gems/ruby-2.4.1/gems/activesupport-5.1.4/lib/active_support/notifications.rb:166:in `instrument'
/home/tk/.rvm/gems/ruby-2.4.1/gems/actionview-5.1.4/lib/action_view/renderer/abstract_renderer.rb:41:in `instrument'
/home/tk/.rvm/gems/ruby-2.4.1/gems/actionview-5.1.4/lib/action_view/renderer/template_renderer.rb:51:in `block in render_template'
/home/tk/.rvm/gems/ruby-2.4.1/gems/actionview-5.1.4/lib/action_view/renderer/template_renderer.rb:59:in `render_with_layout'
/home/tk/.rvm/gems/ruby-2.4.1/gems/actionview-5.1.4/lib/action_view/renderer/template_renderer.rb:50:in `render_template'
/home/tk/.rvm/gems/ruby-2.4.1/gems/actionview-5.1.4/lib/action_view/renderer/template_renderer.rb:14:in `render'
/home/tk/.rvm/gems/ruby-2.4.1/gems/actionview-5.1.4/lib/action_view/renderer/renderer.rb:42:in `render_template'
/home/tk/.rvm/gems/ruby-2.4.1/gems/actionview-5.1.4/lib/action_view/renderer/renderer.rb:23:in `render'
/home/tk/.rvm/gems/ruby-2.4.1/gems/actionview-5.1.4/lib/action_view/rendering.rb:103:in `_render_template'
/home/tk/.rvm/gems/ruby-2.4.1/gems/actionpack-5.1.4/lib/action_controller/metal/streaming.rb:217:in `_render_template'
/home/tk/.rvm/gems/ruby-2.4.1/gems/actionview-5.1.4/lib/action_view/rendering.rb:83:in `render_to_body'
/home/tk/.rvm/gems/ruby-2.4.1/gems/actionpack-5.1.4/lib/action_controller/metal/rendering.rb:52:in `render_to_body'
/home/tk/.rvm/gems/ruby-2.4.1/gems/actionpack-5.1.4/lib/action_controller/metal/renderers.rb:141:in `render_to_body'
/home/tk/.rvm/gems/ruby-2.4.1/gems/actionpack-5.1.4/lib/abstract_controller/rendering.rb:24:in `render'
/home/tk/.rvm/gems/ruby-2.4.1/gems/actionpack-5.1.4/lib/action_controller/metal/rendering.rb:36:in `render'
/home/tk/.rvm/gems/ruby-2.4.1/gems/actionpack-5.1.4/lib/action_controller/metal/instrumentation.rb:44:in `block (2 levels) in render'
/home/tk/.rvm/gems/ruby-2.4.1/gems/activesupport-5.1.4/lib/active_support/core_ext/benchmark.rb:12:in `block in ms'
/usr/share/rvm/rubies/ruby-2.4.1/lib/ruby/2.4.0/benchmark.rb:308:in `realtime'
/home/tk/.rvm/gems/ruby-2.4.1/gems/activesupport-5.1.4/lib/active_support/core_ext/benchmark.rb:12:in `ms'
/home/tk/.rvm/gems/ruby-2.4.1/gems/actionpack-5.1.4/lib/action_controller/metal/instrumentation.rb:44:in `block in render'
/home/tk/.rvm/gems/ruby-2.4.1/gems/actionpack-5.1.4/lib/action_controller/metal/instrumentation.rb:87:in `cleanup_view_runtime'
/home/tk/.rvm/gems/ruby-2.4.1/gems/activerecord-5.1.4/lib/active_record/railties/controller_runtime.rb:34:in `cleanup_view_runtime'
/home/tk/.rvm/gems/ruby-2.4.1/gems/actionpack-5.1.4/lib/action_controller/metal/instrumentation.rb:43:in `render'
/home/tk/.rvm/gems/ruby-2.4.1/gems/actionpack-5.1.4/lib/action_controller/metal/implicit_render.rb:33:in `default_render'
/home/tk/.rvm/gems/ruby-2.4.1/gems/actionpack-5.1.4/lib/action_controller/metal/basic_implicit_render.rb:4:in `block in send_action'
/home/tk/.rvm/gems/ruby-2.4.1/gems/actionpack-5.1.4/lib/action_controller/metal/basic_implicit_render.rb:4:in `tap'
/home/tk/.rvm/gems/ruby-2.4.1/gems/actionpack-5.1.4/lib/action_controller/metal/basic_implicit_render.rb:4:in `send_action'
/home/tk/.rvm/gems/ruby-2.4.1/gems/actionpack-5.1.4/lib/abstract_controller/base.rb:186:in `process_action'
/home/tk/.rvm/gems/ruby-2.4.1/gems/actionpack-5.1.4/lib/action_controller/metal/rendering.rb:30:in `process_action'
/home/tk/.rvm/gems/ruby-2.4.1/gems/actionpack-5.1.4/lib/abstract_controller/callbacks.rb:20:in `block in process_action'
/home/tk/.rvm/gems/ruby-2.4.1/gems/activesupport-5.1.4/lib/active_support/callbacks.rb:108:in `block in run_callbacks'
/home/tk/.rvm/gems/ruby-2.4.1/gems/react-rails-2.4.2/lib/react/rails/controller_lifecycle.rb:31:in `use_react_component_helper'
/home/tk/.rvm/gems/ruby-2.4.1/gems/activesupport-5.1.4/lib/active_support/callbacks.rb:117:in `block in run_callbacks'
/home/tk/.rvm/gems/ruby-2.4.1/gems/activesupport-5.1.4/lib/active_support/callbacks.rb:135:in `run_callbacks'
/home/tk/.rvm/gems/ruby-2.4.1/gems/actionpack-5.1.4/lib/abstract_controller/callbacks.rb:19:in `process_action'
/home/tk/.rvm/gems/ruby-2.4.1/gems/actionpack-5.1.4/lib/action_controller/metal/rescue.rb:20:in `process_action'
/home/tk/.rvm/gems/ruby-2.4.1/gems/actionpack-5.1.4/lib/action_controller/metal/instrumentation.rb:32:in `block in process_action'
/home/tk/.rvm/gems/ruby-2.4.1/gems/activesupport-5.1.4/lib/active_support/notifications.rb:166:in `block in instrument'
/home/tk/.rvm/gems/ruby-2.4.1/gems/activesupport-5.1.4/lib/active_support/notifications/instrumenter.rb:21:in `instrument'
/home/tk/.rvm/gems/ruby-2.4.1/gems/activesupport-5.1.4/lib/active_support/notifications.rb:166:in `instrument'
/home/tk/.rvm/gems/ruby-2.4.1/gems/actionpack-5.1.4/lib/action_controller/metal/instrumentation.rb:30:in `process_action'
/home/tk/.rvm/gems/ruby-2.4.1/gems/actionpack-5.1.4/lib/action_controller/metal/params_wrapper.rb:252:in `process_action'
/home/tk/.rvm/gems/ruby-2.4.1/gems/activerecord-5.1.4/lib/active_record/railties/controller_runtime.rb:22:in `process_action'
/home/tk/.rvm/gems/ruby-2.4.1/gems/actionpack-5.1.4/lib/abstract_controller/base.rb:124:in `process'
/home/tk/.rvm/gems/ruby-2.4.1/gems/actionview-5.1.4/lib/action_view/rendering.rb:30:in `process'
/home/tk/.rvm/gems/ruby-2.4.1/gems/actionpack-5.1.4/lib/action_controller/metal.rb:189:in `dispatch'
/home/tk/.rvm/gems/ruby-2.4.1/gems/actionpack-5.1.4/lib/action_controller/metal.rb:253:in `dispatch'
/home/tk/.rvm/gems/ruby-2.4.1/gems/actionpack-5.1.4/lib/action_dispatch/routing/route_set.rb:49:in `dispatch'
/home/tk/.rvm/gems/ruby-2.4.1/gems/actionpack-5.1.4/lib/action_dispatch/routing/route_set.rb:31:in `serve'
/home/tk/.rvm/gems/ruby-2.4.1/gems/actionpack-5.1.4/lib/action_dispatch/journey/router.rb:50:in `block in serve'
/home/tk/.rvm/gems/ruby-2.4.1/gems/actionpack-5.1.4/lib/action_dispatch/journey/router.rb:33:in `each'
/home/tk/.rvm/gems/ruby-2.4.1/gems/actionpack-5.1.4/lib/action_dispatch/journey/router.rb:33:in `serve'
/home/tk/.rvm/gems/ruby-2.4.1/gems/actionpack-5.1.4/lib/action_dispatch/routing/route_set.rb:834:in `call'
/home/tk/.rvm/gems/ruby-2.4.1/gems/rack-2.0.3/lib/rack/etag.rb:25:in `call'
/home/tk/.rvm/gems/ruby-2.4.1/gems/rack-2.0.3/lib/rack/conditional_get.rb:25:in `call'
/home/tk/.rvm/gems/ruby-2.4.1/gems/rack-2.0.3/lib/rack/head.rb:12:in `call'
/home/tk/.rvm/gems/ruby-2.4.1/gems/rack-2.0.3/lib/rack/session/abstract/id.rb:232:in `context'
/home/tk/.rvm/gems/ruby-2.4.1/gems/rack-2.0.3/lib/rack/session/abstract/id.rb:226:in `call'
/home/tk/.rvm/gems/ruby-2.4.1/gems/actionpack-5.1.4/lib/action_dispatch/middleware/cookies.rb:613:in `call'
/home/tk/.rvm/gems/ruby-2.4.1/gems/activerecord-5.1.4/lib/active_record/migration.rb:556:in `call'
/home/tk/.rvm/gems/ruby-2.4.1/gems/actionpack-5.1.4/lib/action_dispatch/middleware/callbacks.rb:26:in `block in call'
/home/tk/.rvm/gems/ruby-2.4.1/gems/activesupport-5.1.4/lib/active_support/callbacks.rb:97:in `run_callbacks'
/home/tk/.rvm/gems/ruby-2.4.1/gems/actionpack-5.1.4/lib/action_dispatch/middleware/callbacks.rb:24:in `call'
/home/tk/.rvm/gems/ruby-2.4.1/gems/actionpack-5.1.4/lib/action_dispatch/middleware/executor.rb:12:in `call'
/home/tk/.rvm/gems/ruby-2.4.1/gems/actionpack-5.1.4/lib/action_dispatch/middleware/debug_exceptions.rb:59:in `call'
/home/tk/.rvm/gems/ruby-2.4.1/gems/web-console-3.5.1/lib/web_console/middleware.rb:135:in `call_app'
/home/tk/.rvm/gems/ruby-2.4.1/gems/web-console-3.5.1/lib/web_console/middleware.rb:28:in `block in call'
/home/tk/.rvm/gems/ruby-2.4.1/gems/web-console-3.5.1/lib/web_console/middleware.rb:18:in `catch'
/home/tk/.rvm/gems/ruby-2.4.1/gems/web-console-3.5.1/lib/web_console/middleware.rb:18:in `call'
/home/tk/.rvm/gems/ruby-2.4.1/gems/actionpack-5.1.4/lib/action_dispatch/middleware/show_exceptions.rb:31:in `call'
/home/tk/.rvm/gems/ruby-2.4.1/gems/railties-5.1.4/lib/rails/rack/logger.rb:36:in `call_app'
/home/tk/.rvm/gems/ruby-2.4.1/gems/railties-5.1.4/lib/rails/rack/logger.rb:24:in `block in call'
/home/tk/.rvm/gems/ruby-2.4.1/gems/activesupport-5.1.4/lib/active_support/tagged_logging.rb:69:in `block in tagged'
/home/tk/.rvm/gems/ruby-2.4.1/gems/activesupport-5.1.4/lib/active_support/tagged_logging.rb:26:in `tagged'
/home/tk/.rvm/gems/ruby-2.4.1/gems/activesupport-5.1.4/lib/active_support/tagged_logging.rb:69:in `tagged'
/home/tk/.rvm/gems/ruby-2.4.1/gems/railties-5.1.4/lib/rails/rack/logger.rb:24:in `call'
/home/tk/.rvm/gems/ruby-2.4.1/gems/sprockets-rails-3.2.1/lib/sprockets/rails/quiet_assets.rb:13:in `call'
/home/tk/.rvm/gems/ruby-2.4.1/gems/actionpack-5.1.4/lib/action_dispatch/middleware/remote_ip.rb:79:in `call'
/home/tk/.rvm/gems/ruby-2.4.1/gems/actionpack-5.1.4/lib/action_dispatch/middleware/request_id.rb:25:in `call'
/home/tk/.rvm/gems/ruby-2.4.1/gems/rack-2.0.3/lib/rack/method_override.rb:22:in `call'
/home/tk/.rvm/gems/ruby-2.4.1/gems/rack-2.0.3/lib/rack/runtime.rb:22:in `call'
/home/tk/.rvm/gems/ruby-2.4.1/gems/activesupport-5.1.4/lib/active_support/cache/strategy/local_cache_middleware.rb:27:in `call'
/home/tk/.rvm/gems/ruby-2.4.1/gems/actionpack-5.1.4/lib/action_dispatch/middleware/executor.rb:12:in `call'
/home/tk/.rvm/gems/ruby-2.4.1/gems/actionpack-5.1.4/lib/action_dispatch/middleware/static.rb:125:in `call'
/home/tk/.rvm/gems/ruby-2.4.1/gems/rack-2.0.3/lib/rack/sendfile.rb:111:in `call'
/home/tk/.rvm/gems/ruby-2.4.1/gems/webpacker-3.0.2/lib/webpacker/dev_server_proxy.rb:17:in `perform_request'
/home/tk/.rvm/gems/ruby-2.4.1/gems/rack-proxy-0.6.2/lib/rack/proxy.rb:57:in `call'
/home/tk/.rvm/gems/ruby-2.4.1/gems/railties-5.1.4/lib/rails/engine.rb:522:in `call'
/home/tk/.rvm/gems/ruby-2.4.1/gems/puma-3.10.0/lib/puma/configuration.rb:225:in `call'
/home/tk/.rvm/gems/ruby-2.4.1/gems/puma-3.10.0/lib/puma/server.rb:605:in `handle_request'
/home/tk/.rvm/gems/ruby-2.4.1/gems/puma-3.10.0/lib/puma/server.rb:437:in `process_client'
/home/tk/.rvm/gems/ruby-2.4.1/gems/puma-3.10.0/lib/puma/server.rb:301:in `block in run'
/home/tk/.rvm/gems/ruby-2.4.1/gems/puma-3.10.0/lib/puma/thread_pool.rb:120:in `block in spawn_thread'):
    1: <%= javascript_pack_tag 'application' %>
    2: <%= react_component 'Post', { title: 'A working react component', body: 'Simple but effective', props: @props }, prerender: true %>
  
app/views/welcome/index.html.erb:2:in `_app_views_welcome_index_html_erb___3286990305972578894_69987987278860'
Started GET "/welcome/index" for 127.0.0.1 at 2018-04-26 15:18:03 -0700
Processing by WelcomeController#index as HTML
  Rendering welcome/index.html.erb within layouts/application
[Webpacker] Compiling…
[Webpacker] Compiled all packs in /home/tk/code/tmp/react-rails-example-app/public/packs
  Rendered welcome/index.html.erb within layouts/application (3226.1ms)
Completed 200 OK in 3246ms (Views: 3243.9ms)


Started GET "/welcome/index" for 127.0.0.1 at 2018-04-26 15:23:07 -0700
Processing by WelcomeController#index as HTML
  Rendering welcome/index.html.erb within layouts/application
  Rendered welcome/index.html.erb within layouts/application (380.6ms)
Completed 500 Internal Server Error in 392ms


  
ActionView::Template::Error (Encountered error "#<ExecJS::ProgramError: TypeError: Cannot read property 'toLowerCase' of undefined>" when prerendering Board with {"props":null}
ReactDOMServerRenderer.renderDOM (webpack-internal:///30:2286:27)
ReactDOMServerRenderer.render (webpack-internal:///30:2280:21)
ReactDOMServerRenderer.read (webpack-internal:///30:2216:19)
Object.renderToString (webpack-internal:///30:2483:25)
Object.ReactRailsUJS.serverRender (webpack-internal:///16:73:42)
eval (eval at <anonymous> ((execjs):599:8), <anonymous>:6:45)
eval (eval at <anonymous> ((execjs):599:8), <anonymous>:18:13)
(execjs):599:8
(execjs):605:14
global ((execjs):1:102)
/home/tk/.rvm/gems/ruby-2.4.1/gems/execjs-2.7.0/lib/execjs/external_runtime.rb:39:in `exec'
/home/tk/.rvm/gems/ruby-2.4.1/gems/execjs-2.7.0/lib/execjs/external_runtime.rb:21:in `eval'
/home/tk/.rvm/gems/ruby-2.4.1/gems/react-rails-2.4.2/lib/react/server_rendering/exec_js_renderer.rb:39:in `render_from_parts'
/home/tk/.rvm/gems/ruby-2.4.1/gems/react-rails-2.4.2/lib/react/server_rendering/exec_js_renderer.rb:20:in `render'
/home/tk/.rvm/gems/ruby-2.4.1/gems/react-rails-2.4.2/lib/react/server_rendering/bundle_renderer.rb:40:in `render'
/home/tk/.rvm/gems/ruby-2.4.1/gems/react-rails-2.4.2/lib/react/server_rendering.rb:27:in `block in render'
/home/tk/.rvm/gems/ruby-2.4.1/gems/connection_pool-2.2.1/lib/connection_pool.rb:64:in `block (2 levels) in with'
/home/tk/.rvm/gems/ruby-2.4.1/gems/connection_pool-2.2.1/lib/connection_pool.rb:63:in `handle_interrupt'
/home/tk/.rvm/gems/ruby-2.4.1/gems/connection_pool-2.2.1/lib/connection_pool.rb:63:in `block in with'
/home/tk/.rvm/gems/ruby-2.4.1/gems/connection_pool-2.2.1/lib/connection_pool.rb:60:in `handle_interrupt'
/home/tk/.rvm/gems/ruby-2.4.1/gems/connection_pool-2.2.1/lib/connection_pool.rb:60:in `with'
/home/tk/.rvm/gems/ruby-2.4.1/gems/react-rails-2.4.2/lib/react/server_rendering.rb:26:in `render'
/home/tk/.rvm/gems/ruby-2.4.1/gems/react-rails-2.4.2/lib/react/rails/component_mount.rb:66:in `prerender_component'
/home/tk/.rvm/gems/ruby-2.4.1/gems/react-rails-2.4.2/lib/react/rails/component_mount.rb:34:in `block in react_component'
/home/tk/.rvm/gems/ruby-2.4.1/gems/actionview-5.1.4/lib/action_view/helpers/capture_helper.rb:39:in `block in capture'
/home/tk/.rvm/gems/ruby-2.4.1/gems/actionview-5.1.4/lib/action_view/helpers/capture_helper.rb:203:in `with_output_buffer'
/home/tk/.rvm/gems/ruby-2.4.1/gems/actionview-5.1.4/lib/action_view/helpers/capture_helper.rb:39:in `capture'
/home/tk/.rvm/gems/ruby-2.4.1/gems/actionview-5.1.4/lib/action_view/helpers/tag_helper.rb:272:in `content_tag'
/home/tk/.rvm/gems/ruby-2.4.1/gems/react-rails-2.4.2/lib/react/rails/component_mount.rb:49:in `react_component'
/home/tk/.rvm/gems/ruby-2.4.1/gems/react-rails-2.4.2/lib/react/rails/view_helper.rb:21:in `react_component'
/home/tk/code/tmp/react-rails-example-app/app/views/welcome/index.html.erb:3:in `_app_views_welcome_index_html_erb___3286990305972578894_69987976784980'
/home/tk/.rvm/gems/ruby-2.4.1/gems/actionview-5.1.4/lib/action_view/template.rb:157:in `block in render'
/home/tk/.rvm/gems/ruby-2.4.1/gems/activesupport-5.1.4/lib/active_support/notifications.rb:168:in `instrument'
/home/tk/.rvm/gems/ruby-2.4.1/gems/actionview-5.1.4/lib/action_view/template.rb:352:in `instrument_render_template'
/home/tk/.rvm/gems/ruby-2.4.1/gems/actionview-5.1.4/lib/action_view/template.rb:155:in `render'
/home/tk/.rvm/gems/ruby-2.4.1/gems/actionview-5.1.4/lib/action_view/renderer/template_renderer.rb:52:in `block (2 levels) in render_template'
/home/tk/.rvm/gems/ruby-2.4.1/gems/actionview-5.1.4/lib/action_view/renderer/abstract_renderer.rb:42:in `block in instrument'
/home/tk/.rvm/gems/ruby-2.4.1/gems/activesupport-5.1.4/lib/active_support/notifications.rb:166:in `block in instrument'
/home/tk/.rvm/gems/ruby-2.4.1/gems/activesupport-5.1.4/lib/active_support/notifications/instrumenter.rb:21:in `instrument'
/home/tk/.rvm/gems/ruby-2.4.1/gems/activesupport-5.1.4/lib/active_support/notifications.rb:166:in `instrument'
/home/tk/.rvm/gems/ruby-2.4.1/gems/actionview-5.1.4/lib/action_view/renderer/abstract_renderer.rb:41:in `instrument'
/home/tk/.rvm/gems/ruby-2.4.1/gems/actionview-5.1.4/lib/action_view/renderer/template_renderer.rb:51:in `block in render_template'
/home/tk/.rvm/gems/ruby-2.4.1/gems/actionview-5.1.4/lib/action_view/renderer/template_renderer.rb:59:in `render_with_layout'
/home/tk/.rvm/gems/ruby-2.4.1/gems/actionview-5.1.4/lib/action_view/renderer/template_renderer.rb:50:in `render_template'
/home/tk/.rvm/gems/ruby-2.4.1/gems/actionview-5.1.4/lib/action_view/renderer/template_renderer.rb:14:in `render'
/home/tk/.rvm/gems/ruby-2.4.1/gems/actionview-5.1.4/lib/action_view/renderer/renderer.rb:42:in `render_template'
/home/tk/.rvm/gems/ruby-2.4.1/gems/actionview-5.1.4/lib/action_view/renderer/renderer.rb:23:in `render'
/home/tk/.rvm/gems/ruby-2.4.1/gems/actionview-5.1.4/lib/action_view/rendering.rb:103:in `_render_template'
/home/tk/.rvm/gems/ruby-2.4.1/gems/actionpack-5.1.4/lib/action_controller/metal/streaming.rb:217:in `_render_template'
/home/tk/.rvm/gems/ruby-2.4.1/gems/actionview-5.1.4/lib/action_view/rendering.rb:83:in `render_to_body'
/home/tk/.rvm/gems/ruby-2.4.1/gems/actionpack-5.1.4/lib/action_controller/metal/rendering.rb:52:in `render_to_body'
/home/tk/.rvm/gems/ruby-2.4.1/gems/actionpack-5.1.4/lib/action_controller/metal/renderers.rb:141:in `render_to_body'
/home/tk/.rvm/gems/ruby-2.4.1/gems/actionpack-5.1.4/lib/abstract_controller/rendering.rb:24:in `render'
/home/tk/.rvm/gems/ruby-2.4.1/gems/actionpack-5.1.4/lib/action_controller/metal/rendering.rb:36:in `render'
/home/tk/.rvm/gems/ruby-2.4.1/gems/actionpack-5.1.4/lib/action_controller/metal/instrumentation.rb:44:in `block (2 levels) in render'
/home/tk/.rvm/gems/ruby-2.4.1/gems/activesupport-5.1.4/lib/active_support/core_ext/benchmark.rb:12:in `block in ms'
/usr/share/rvm/rubies/ruby-2.4.1/lib/ruby/2.4.0/benchmark.rb:308:in `realtime'
/home/tk/.rvm/gems/ruby-2.4.1/gems/activesupport-5.1.4/lib/active_support/core_ext/benchmark.rb:12:in `ms'
/home/tk/.rvm/gems/ruby-2.4.1/gems/actionpack-5.1.4/lib/action_controller/metal/instrumentation.rb:44:in `block in render'
/home/tk/.rvm/gems/ruby-2.4.1/gems/actionpack-5.1.4/lib/action_controller/metal/instrumentation.rb:87:in `cleanup_view_runtime'
/home/tk/.rvm/gems/ruby-2.4.1/gems/activerecord-5.1.4/lib/active_record/railties/controller_runtime.rb:34:in `cleanup_view_runtime'
/home/tk/.rvm/gems/ruby-2.4.1/gems/actionpack-5.1.4/lib/action_controller/metal/instrumentation.rb:43:in `render'
/home/tk/.rvm/gems/ruby-2.4.1/gems/actionpack-5.1.4/lib/action_controller/metal/implicit_render.rb:33:in `default_render'
/home/tk/.rvm/gems/ruby-2.4.1/gems/actionpack-5.1.4/lib/action_controller/metal/basic_implicit_render.rb:4:in `block in send_action'
/home/tk/.rvm/gems/ruby-2.4.1/gems/actionpack-5.1.4/lib/action_controller/metal/basic_implicit_render.rb:4:in `tap'
/home/tk/.rvm/gems/ruby-2.4.1/gems/actionpack-5.1.4/lib/action_controller/metal/basic_implicit_render.rb:4:in `send_action'
/home/tk/.rvm/gems/ruby-2.4.1/gems/actionpack-5.1.4/lib/abstract_controller/base.rb:186:in `process_action'
/home/tk/.rvm/gems/ruby-2.4.1/gems/actionpack-5.1.4/lib/action_controller/metal/rendering.rb:30:in `process_action'
/home/tk/.rvm/gems/ruby-2.4.1/gems/actionpack-5.1.4/lib/abstract_controller/callbacks.rb:20:in `block in process_action'
/home/tk/.rvm/gems/ruby-2.4.1/gems/activesupport-5.1.4/lib/active_support/callbacks.rb:108:in `block in run_callbacks'
/home/tk/.rvm/gems/ruby-2.4.1/gems/react-rails-2.4.2/lib/react/rails/controller_lifecycle.rb:31:in `use_react_component_helper'
/home/tk/.rvm/gems/ruby-2.4.1/gems/activesupport-5.1.4/lib/active_support/callbacks.rb:117:in `block in run_callbacks'
/home/tk/.rvm/gems/ruby-2.4.1/gems/activesupport-5.1.4/lib/active_support/callbacks.rb:135:in `run_callbacks'
/home/tk/.rvm/gems/ruby-2.4.1/gems/actionpack-5.1.4/lib/abstract_controller/callbacks.rb:19:in `process_action'
/home/tk/.rvm/gems/ruby-2.4.1/gems/actionpack-5.1.4/lib/action_controller/metal/rescue.rb:20:in `process_action'
/home/tk/.rvm/gems/ruby-2.4.1/gems/actionpack-5.1.4/lib/action_controller/metal/instrumentation.rb:32:in `block in process_action'
/home/tk/.rvm/gems/ruby-2.4.1/gems/activesupport-5.1.4/lib/active_support/notifications.rb:166:in `block in instrument'
/home/tk/.rvm/gems/ruby-2.4.1/gems/activesupport-5.1.4/lib/active_support/notifications/instrumenter.rb:21:in `instrument'
/home/tk/.rvm/gems/ruby-2.4.1/gems/activesupport-5.1.4/lib/active_support/notifications.rb:166:in `instrument'
/home/tk/.rvm/gems/ruby-2.4.1/gems/actionpack-5.1.4/lib/action_controller/metal/instrumentation.rb:30:in `process_action'
/home/tk/.rvm/gems/ruby-2.4.1/gems/actionpack-5.1.4/lib/action_controller/metal/params_wrapper.rb:252:in `process_action'
/home/tk/.rvm/gems/ruby-2.4.1/gems/activerecord-5.1.4/lib/active_record/railties/controller_runtime.rb:22:in `process_action'
/home/tk/.rvm/gems/ruby-2.4.1/gems/actionpack-5.1.4/lib/abstract_controller/base.rb:124:in `process'
/home/tk/.rvm/gems/ruby-2.4.1/gems/actionview-5.1.4/lib/action_view/rendering.rb:30:in `process'
/home/tk/.rvm/gems/ruby-2.4.1/gems/actionpack-5.1.4/lib/action_controller/metal.rb:189:in `dispatch'
/home/tk/.rvm/gems/ruby-2.4.1/gems/actionpack-5.1.4/lib/action_controller/metal.rb:253:in `dispatch'
/home/tk/.rvm/gems/ruby-2.4.1/gems/actionpack-5.1.4/lib/action_dispatch/routing/route_set.rb:49:in `dispatch'
/home/tk/.rvm/gems/ruby-2.4.1/gems/actionpack-5.1.4/lib/action_dispatch/routing/route_set.rb:31:in `serve'
/home/tk/.rvm/gems/ruby-2.4.1/gems/actionpack-5.1.4/lib/action_dispatch/journey/router.rb:50:in `block in serve'
/home/tk/.rvm/gems/ruby-2.4.1/gems/actionpack-5.1.4/lib/action_dispatch/journey/router.rb:33:in `each'
/home/tk/.rvm/gems/ruby-2.4.1/gems/actionpack-5.1.4/lib/action_dispatch/journey/router.rb:33:in `serve'
/home/tk/.rvm/gems/ruby-2.4.1/gems/actionpack-5.1.4/lib/action_dispatch/routing/route_set.rb:834:in `call'
/home/tk/.rvm/gems/ruby-2.4.1/gems/rack-2.0.3/lib/rack/etag.rb:25:in `call'
/home/tk/.rvm/gems/ruby-2.4.1/gems/rack-2.0.3/lib/rack/conditional_get.rb:25:in `call'
/home/tk/.rvm/gems/ruby-2.4.1/gems/rack-2.0.3/lib/rack/head.rb:12:in `call'
/home/tk/.rvm/gems/ruby-2.4.1/gems/rack-2.0.3/lib/rack/session/abstract/id.rb:232:in `context'
/home/tk/.rvm/gems/ruby-2.4.1/gems/rack-2.0.3/lib/rack/session/abstract/id.rb:226:in `call'
/home/tk/.rvm/gems/ruby-2.4.1/gems/actionpack-5.1.4/lib/action_dispatch/middleware/cookies.rb:613:in `call'
/home/tk/.rvm/gems/ruby-2.4.1/gems/activerecord-5.1.4/lib/active_record/migration.rb:556:in `call'
/home/tk/.rvm/gems/ruby-2.4.1/gems/actionpack-5.1.4/lib/action_dispatch/middleware/callbacks.rb:26:in `block in call'
/home/tk/.rvm/gems/ruby-2.4.1/gems/activesupport-5.1.4/lib/active_support/callbacks.rb:97:in `run_callbacks'
/home/tk/.rvm/gems/ruby-2.4.1/gems/actionpack-5.1.4/lib/action_dispatch/middleware/callbacks.rb:24:in `call'
/home/tk/.rvm/gems/ruby-2.4.1/gems/actionpack-5.1.4/lib/action_dispatch/middleware/executor.rb:12:in `call'
/home/tk/.rvm/gems/ruby-2.4.1/gems/actionpack-5.1.4/lib/action_dispatch/middleware/debug_exceptions.rb:59:in `call'
/home/tk/.rvm/gems/ruby-2.4.1/gems/web-console-3.5.1/lib/web_console/middleware.rb:135:in `call_app'
/home/tk/.rvm/gems/ruby-2.4.1/gems/web-console-3.5.1/lib/web_console/middleware.rb:28:in `block in call'
/home/tk/.rvm/gems/ruby-2.4.1/gems/web-console-3.5.1/lib/web_console/middleware.rb:18:in `catch'
/home/tk/.rvm/gems/ruby-2.4.1/gems/web-console-3.5.1/lib/web_console/middleware.rb:18:in `call'
/home/tk/.rvm/gems/ruby-2.4.1/gems/actionpack-5.1.4/lib/action_dispatch/middleware/show_exceptions.rb:31:in `call'
/home/tk/.rvm/gems/ruby-2.4.1/gems/railties-5.1.4/lib/rails/rack/logger.rb:36:in `call_app'
/home/tk/.rvm/gems/ruby-2.4.1/gems/railties-5.1.4/lib/rails/rack/logger.rb:24:in `block in call'
/home/tk/.rvm/gems/ruby-2.4.1/gems/activesupport-5.1.4/lib/active_support/tagged_logging.rb:69:in `block in tagged'
/home/tk/.rvm/gems/ruby-2.4.1/gems/activesupport-5.1.4/lib/active_support/tagged_logging.rb:26:in `tagged'
/home/tk/.rvm/gems/ruby-2.4.1/gems/activesupport-5.1.4/lib/active_support/tagged_logging.rb:69:in `tagged'
/home/tk/.rvm/gems/ruby-2.4.1/gems/railties-5.1.4/lib/rails/rack/logger.rb:24:in `call'
/home/tk/.rvm/gems/ruby-2.4.1/gems/sprockets-rails-3.2.1/lib/sprockets/rails/quiet_assets.rb:13:in `call'
/home/tk/.rvm/gems/ruby-2.4.1/gems/actionpack-5.1.4/lib/action_dispatch/middleware/remote_ip.rb:79:in `call'
/home/tk/.rvm/gems/ruby-2.4.1/gems/actionpack-5.1.4/lib/action_dispatch/middleware/request_id.rb:25:in `call'
/home/tk/.rvm/gems/ruby-2.4.1/gems/rack-2.0.3/lib/rack/method_override.rb:22:in `call'
/home/tk/.rvm/gems/ruby-2.4.1/gems/rack-2.0.3/lib/rack/runtime.rb:22:in `call'
/home/tk/.rvm/gems/ruby-2.4.1/gems/activesupport-5.1.4/lib/active_support/cache/strategy/local_cache_middleware.rb:27:in `call'
/home/tk/.rvm/gems/ruby-2.4.1/gems/actionpack-5.1.4/lib/action_dispatch/middleware/executor.rb:12:in `call'
/home/tk/.rvm/gems/ruby-2.4.1/gems/actionpack-5.1.4/lib/action_dispatch/middleware/static.rb:125:in `call'
/home/tk/.rvm/gems/ruby-2.4.1/gems/rack-2.0.3/lib/rack/sendfile.rb:111:in `call'
/home/tk/.rvm/gems/ruby-2.4.1/gems/webpacker-3.0.2/lib/webpacker/dev_server_proxy.rb:17:in `perform_request'
/home/tk/.rvm/gems/ruby-2.4.1/gems/rack-proxy-0.6.2/lib/rack/proxy.rb:57:in `call'
/home/tk/.rvm/gems/ruby-2.4.1/gems/railties-5.1.4/lib/rails/engine.rb:522:in `call'
/home/tk/.rvm/gems/ruby-2.4.1/gems/puma-3.10.0/lib/puma/configuration.rb:225:in `call'
/home/tk/.rvm/gems/ruby-2.4.1/gems/puma-3.10.0/lib/puma/server.rb:605:in `handle_request'
/home/tk/.rvm/gems/ruby-2.4.1/gems/puma-3.10.0/lib/puma/server.rb:437:in `process_client'
/home/tk/.rvm/gems/ruby-2.4.1/gems/puma-3.10.0/lib/puma/server.rb:301:in `block in run'
/home/tk/.rvm/gems/ruby-2.4.1/gems/puma-3.10.0/lib/puma/thread_pool.rb:120:in `block in spawn_thread'):
    1: <%= javascript_pack_tag 'application' %>
    2: <%= react_component 'Post', { title: 'A working react component', body: 'Simple but effective', props: @props }, prerender: true %>
    3: <%= react_component 'Board', { props: @board_props }, prerender: true %>
  
app/views/welcome/index.html.erb:3:in `_app_views_welcome_index_html_erb___3286990305972578894_69987976784980'
Started GET "/welcome/index" for 127.0.0.1 at 2018-04-26 15:24:40 -0700
Processing by WelcomeController#index as HTML
  Rendering welcome/index.html.erb within layouts/application
[Webpacker] Compiling…
[Webpacker] Compiled all packs in /home/tk/code/tmp/react-rails-example-app/public/packs
  Rendered welcome/index.html.erb within layouts/application (3339.5ms)
Completed 200 OK in 3356ms (Views: 3354.4ms)


